<?xml version="1.0" encoding="UTF-8"?>
<testsuite name="com.codingtest.unittests.tax.TaxCalculatorServiceTest" tests="2" skipped="0" failures="0" errors="0" timestamp="2022-07-13T01:28:39" hostname="DESKTOP-ON90J18" time="0.007">
  <properties/>
  <testcase name="whenCalculateTaxWithInvalidTaxSlabValue_thenThrow_Exception()" classname="com.codingtest.unittests.tax.TaxCalculatorServiceTest" time="0.003"/>
  <testcase name="whenCalculateTaxWithValidInput_thenReturn_CalculatedTax()" classname="com.codingtest.unittests.tax.TaxCalculatorServiceTest" time="0.003"/>
  <system-out><![CDATA[]]></system-out>
  <system-err><![CDATA[]]></system-err>
</testsuite>
